<?xml version="1.0" encoding="UTF-8"?>
<testng-results ignored="1" total="2" passed="0" failed="1" skipped="0">
  <reporter-output>
  </reporter-output>
  <suite started-at="2021-10-22T09:47:15 CDT" name="Default suite" finished-at="2021-10-22T09:47:57 CDT" duration-ms="41799">
    <groups>
    </groups>
    <test started-at="2021-10-22T09:47:15 CDT" name="Default test" finished-at="2021-10-22T09:47:57 CDT" duration-ms="41799">
      <class name="org.selenium.pom.MyFirstTestCaseDisneyPlus">
        <test-method is-config="true" signature="startDriver()[pri:0, instance:org.selenium.pom.MyFirstTestCaseDisneyPlus@6ce139a4]" started-at="2021-10-22T09:47:15 CDT" name="startDriver" finished-at="2021-10-22T09:47:25 CDT" duration-ms="9950" status="PASS">
          <reporter-output>
          </reporter-output>
        </test-method> <!-- startDriver -->
        <test-method signature="CheckAccount()[pri:0, instance:org.selenium.pom.MyFirstTestCaseDisneyPlus@6ce139a4]" started-at="2021-10-22T09:47:25 CDT" name="CheckAccount" finished-at="2021-10-22T09:47:41 CDT" duration-ms="16558" status="FAIL">
          <exception class="java.lang.AssertionError">
            <message>
              <![CDATA[expected [https://privacychoices.thewaltdisneycompany.com/en-US] but found [https://privacychoices.thewaltdisneycompany.commmm/en-US]]]>
            </message>
            <full-stacktrace>
              <![CDATA[java.lang.AssertionError: expected [https://privacychoices.thewaltdisneycompany.com/en-US] but found [https://privacychoices.thewaltdisneycompany.commmm/en-US]
at org.testng.Assert.fail(Assert.java:99)
at org.testng.Assert.failNotEquals(Assert.java:1037)
at org.testng.Assert.assertEqualsImpl(Assert.java:140)
at org.testng.Assert.assertEquals(Assert.java:122)
at org.testng.Assert.assertEquals(Assert.java:629)
at org.testng.Assert.assertEquals(Assert.java:639)
at Pages.LoginPage.AssertLink(LoginPage.java:105)
at org.selenium.pom.MyFirstTestCaseDisneyPlus.CheckAccount(MyFirstTestCaseDisneyPlus.java:38)
at java.base/jdk.internal.reflect.NativeMethodAccessorImpl.invoke0(Native Method)
at java.base/jdk.internal.reflect.NativeMethodAccessorImpl.invoke(NativeMethodAccessorImpl.java:78)
at java.base/jdk.internal.reflect.DelegatingMethodAccessorImpl.invoke(DelegatingMethodAccessorImpl.java:43)
at java.base/java.lang.reflect.Method.invoke(Method.java:567)
at org.testng.internal.MethodInvocationHelper.invokeMethod(MethodInvocationHelper.java:133)
at org.testng.internal.TestInvoker.invokeMethod(TestInvoker.java:598)
at org.testng.internal.TestInvoker.invokeTestMethod(TestInvoker.java:173)
at org.testng.internal.MethodRunner.runInSequence(MethodRunner.java:46)
at org.testng.internal.TestInvoker$MethodInvocationAgent.invoke(TestInvoker.java:824)
at org.testng.internal.TestInvoker.invokeTestMethods(TestInvoker.java:146)
at org.testng.internal.TestMethodWorker.invokeTestMethods(TestMethodWorker.java:146)
at org.testng.internal.TestMethodWorker.run(TestMethodWorker.java:128)
at java.base/java.util.ArrayList.forEach(ArrayList.java:1511)
at org.testng.TestRunner.privateRun(TestRunner.java:794)
at org.testng.TestRunner.run(TestRunner.java:596)
at org.testng.SuiteRunner.runTest(SuiteRunner.java:377)
at org.testng.SuiteRunner.runSequentially(SuiteRunner.java:371)
at org.testng.SuiteRunner.privateRun(SuiteRunner.java:332)
at org.testng.SuiteRunner.run(SuiteRunner.java:276)
at org.testng.SuiteRunnerWorker.runSuite(SuiteRunnerWorker.java:53)
at org.testng.SuiteRunnerWorker.run(SuiteRunnerWorker.java:96)
at org.testng.TestNG.runSuitesSequentially(TestNG.java:1212)
at org.testng.TestNG.runSuitesLocally(TestNG.java:1134)
at org.testng.TestNG.runSuites(TestNG.java:1063)
at org.testng.TestNG.run(TestNG.java:1031)
at org.testng.remote.AbstractRemoteTestNG.run(AbstractRemoteTestNG.java:115)
at org.testng.remote.RemoteTestNG.initAndRun(RemoteTestNG.java:251)
at org.testng.remote.RemoteTestNG.main(RemoteTestNG.java:77)
]]>
            </full-stacktrace>
          </exception> <!-- java.lang.AssertionError -->
          <reporter-output>
          </reporter-output>
        </test-method> <!-- CheckAccount -->
        <test-method is-config="true" signature="quitDriver()[pri:0, instance:org.selenium.pom.MyFirstTestCaseDisneyPlus@6ce139a4]" started-at="2021-10-22T09:47:41 CDT" name="quitDriver" finished-at="2021-10-22T09:47:57 CDT" duration-ms="15245" status="PASS">
          <reporter-output>
          </reporter-output>
        </test-method> <!-- quitDriver -->
      </class> <!-- org.selenium.pom.MyFirstTestCaseDisneyPlus -->
    </test> <!-- Default test -->
  </suite> <!-- Default suite -->
</testng-results>
